<?xml version="1.0" encoding="UTF-8"?>
<!-- Generated by org.testng.reporters.JUnitReportReporter -->
<testsuite hostname="DESKTOP-D6HL7CF" failures="0" tests="4" name="TestNGPractice" time="0.011" errors="0" timestamp="2024-07-08T20:22:52 IST" skipped="0">
  <testcase classname="TestNGPractice" name="createcontactTest" time="0.001"/>
  <testcase classname="TestNGPractice" name="modifycontactTest" time="0.001"/>
  <testcase classname="TestNGPractice" name="createcontactTest" time="0.008"/>
  <testcase classname="TestNGPractice" name="deletecontactTest" time="0.001"/>
</testsuite> <!-- TestNGPractice -->
