<?xml version="1.0" encoding="UTF-8"?>
<!-- Generated by org.testng.reporters.JUnitReportReporter -->
<testsuite hostname="DESKTOP-D6HL7CF" failures="0" tests="3" name="DataProviderEX1" time="0.007" errors="0" timestamp="2024-07-08T20:55:15 IST" skipped="0">
  <testcase classname="DataProviderEX1" name="booktickets" time="0.001"/>
  <testcase classname="DataProviderEX1" name="booktickets" time="0.005"/>
  <testcase classname="DataProviderEX1" name="booktickets" time="0.001"/>
</testsuite> <!-- DataProviderEX1 -->
